<?xml version="1.0" encoding="UTF-8"?>
<testsuite name="RockPapersScissorsTestSuite" tests="1" skipped="0" failures="0" errors="0" timestamp="2023-02-13T20:01:45" hostname="LAPTOP-T3M3QU09" time="0.466">
  <properties/>
  <testcase name="testingEndingGameByPlayer()" classname="RockPapersScissorsTestSuite" time="0.466"/>
  <system-out><![CDATA[n
Are You sure you want to finnish?
'y' - yes
'n' - no
Ending game canceled
]]></system-out>
  <system-err><![CDATA[]]></system-err>
</testsuite>
