<?xml version="1.0" encoding="UTF-8"?>
<testsuite name="RockPapersScissorsTestSuite" tests="3" skipped="0" failures="0" errors="0" timestamp="2023-02-15T21:20:30" hostname="LAPTOP-T3M3QU09" time="0.568">
  <properties/>
  <testcase name="testingGameQuantity()" classname="RockPapersScissorsTestSuite" time="0.559"/>
  <testcase name="testingName()" classname="RockPapersScissorsTestSuite" time="0.003"/>
  <testcase name="testingEndingGameByPlayer()" classname="RockPapersScissorsTestSuite" time="0.004"/>
  <system-out><![CDATA[Please enter how many games would You like to play
Note that only winning games count
Ties like "Paper - Paper" doesn't count

Please enter Your name
Are You sure you want to finnish?
'y' - yes
'n' - no
Ending game
]]></system-out>
  <system-err><![CDATA[]]></system-err>
</testsuite>
